<?xml version="1.0" encoding="UTF-8"?>
<!-- Generated by org.testng.reporters.JUnitXMLReporter -->
<testsuite ignored="0" hostname="DESKTOP-KIASOK0" failures="0" tests="5" name="Default test" time="23.578" errors="0" timestamp="2022-10-16T17:54:01 IST">
  <testcase classname="temp.ai.dubdub.tc.TC_Login" name="tc_01_login" time="3.977"/>
  <testcase classname="temp.ai.dubdub.tc.TC_Login" name="tc_01_login" time="3.553"/>
  <testcase classname="temp.ai.dubdub.tc.TC_Login" name="tc_01_login" time="3.462"/>
  <testcase classname="temp.ai.dubdub.tc.TC_Login" name="tc_01_login" time="3.583"/>
  <testcase classname="temp.ai.dubdub.tc.TC_Login" name="tc_01_login" time="3.703"/>
</testsuite> <!-- Default test -->
