<?xml version="1.0" encoding="UTF-8"?>
<!-- Generated by org.testng.reporters.JUnitXMLReporter -->
<testsuite ignored="0" hostname="DESKTOP-KIASOK0" failures="0" tests="5" name="Default test" time="25.541" errors="0" timestamp="2022-10-16T01:15:57 IST">
  <testcase classname="temp.ai.dubdub.tc.TC_Login" name="tc_01_login" time="5.089"/>
  <testcase classname="temp.ai.dubdub.tc.TC_Login" name="tc_01_login" time="3.582"/>
  <testcase classname="temp.ai.dubdub.tc.TC_Login" name="tc_01_login" time="3.582"/>
  <testcase classname="temp.ai.dubdub.tc.TC_Login" name="tc_01_login" time="3.677"/>
  <testcase classname="temp.ai.dubdub.tc.TC_Login" name="tc_01_login" time="3.754"/>
</testsuite> <!-- Default test -->
