<?xml version="1.0" encoding="UTF-8"?>
<testng-results ignored="0" total="5" passed="5" failed="0" skipped="0">
  <reporter-output>
    <line>
      <![CDATA[Driver setup : ]]>
    </line>
    <line>
      <![CDATA[The browser is opened with URL : https://z3t0c9.csb.app/ |]]>
    </line>
    <line>
      <![CDATA[ tc_both_empty_login Start | ]]>
    </line>
    <line>
      <![CDATA[ EmailId set :  | ]]>
    </line>
    <line>
      <![CDATA[  Password set :  | ]]>
    </line>
    <line>
      <![CDATA[ Submit utton clicked | ]]>
    </line>
    <line>
      <![CDATA[ Login Perform Done | ]]>
    </line>
    <line>
      <![CDATA[ tc_both_empty_login End | ]]>
    </line>
    <line>
      <![CDATA[ tc_pass_empty_login Start | ]]>
    </line>
    <line>
      <![CDATA[ EmailId set : test@gmail.com | ]]>
    </line>
    <line>
      <![CDATA[  Password set :  | ]]>
    </line>
    <line>
      <![CDATA[ Submit utton clicked | ]]>
    </line>
    <line>
      <![CDATA[ Login Perform Done | ]]>
    </line>
    <line>
      <![CDATA[ tc_pass_empty_login End | ]]>
    </line>
    <line>
      <![CDATA[ tc_email_empty_login Start | ]]>
    </line>
    <line>
      <![CDATA[ EmailId set :  | ]]>
    </line>
    <line>
      <![CDATA[  Password set : 123456 | ]]>
    </line>
    <line>
      <![CDATA[ Submit utton clicked | ]]>
    </line>
    <line>
      <![CDATA[ Login Perform Done | ]]>
    </line>
    <line>
      <![CDATA[ tc_email_empty_login End | ]]>
    </line>
    <line>
      <![CDATA[ tc_both_wrong_login Start | ]]>
    </line>
    <line>
      <![CDATA[ EmailId set : wrong@gmail.com | ]]>
    </line>
    <line>
      <![CDATA[  Password set : xyz123 | ]]>
    </line>
    <line>
      <![CDATA[ Submit utton clicked | ]]>
    </line>
    <line>
      <![CDATA[ Login Perform Done | ]]>
    </line>
    <line>
      <![CDATA[ tc_both_wrong_login End | ]]>
    </line>
    <line>
      <![CDATA[ tc_both_correct_login Start | ]]>
    </line>
    <line>
      <![CDATA[ EmailId set : test@gmail.com | ]]>
    </line>
    <line>
      <![CDATA[  Password set : 123456 | ]]>
    </line>
    <line>
      <![CDATA[ Submit utton clicked | ]]>
    </line>
    <line>
      <![CDATA[ Login Perform Done | ]]>
    </line>
    <line>
      <![CDATA[ tc_both_correct_login End | ]]>
    </line>
  </reporter-output>
  <suite started-at="2022-10-16T17:53:37 IST" name="Default suite" finished-at="2022-10-16T17:54:01 IST" duration-ms="23578">
    <groups>
    </groups>
    <test started-at="2022-10-16T17:53:37 IST" name="Default test" finished-at="2022-10-16T17:54:01 IST" duration-ms="23578">
      <class name="temp.ai.dubdub.tc.TC_Login">
        <test-method is-config="true" signature="setDriver()[pri:0, instance:temp.ai.dubdub.tc.TC_Login@550dbc7a]" started-at="2022-10-16T17:53:37 IST" name="setDriver" finished-at="2022-10-16T17:53:42 IST" duration-ms="5208" status="PASS">
          <reporter-output>
            <line>
              <![CDATA[Driver setup : ]]>
            </line>
            <line>
              <![CDATA[The browser is opened with URL : https://z3t0c9.csb.app/ |]]>
            </line>
          </reporter-output>
        </test-method> <!-- setDriver -->
        <test-method signature="tc_01_login(java.lang.String,java.lang.String,java.lang.String)[pri:0, instance:temp.ai.dubdub.tc.TC_Login@550dbc7a]" started-at="2022-10-16T17:53:42 IST" name="tc_01_login" data-provider="loginCredential" finished-at="2022-10-16T17:53:46 IST" duration-ms="3977" status="PASS">
          <params>
            <param index="0">
              <value>
                <![CDATA[both_empty]]>
              </value>
            </param>
            <param index="1">
              <value>
                <![CDATA[]]>
              </value>
            </param>
            <param index="2">
              <value>
                <![CDATA[]]>
              </value>
            </param>
          </params>
          <reporter-output>
            <line>
              <![CDATA[ tc_both_empty_login Start | ]]>
            </line>
            <line>
              <![CDATA[ EmailId set :  | ]]>
            </line>
            <line>
              <![CDATA[  Password set :  | ]]>
            </line>
            <line>
              <![CDATA[ Submit utton clicked | ]]>
            </line>
            <line>
              <![CDATA[ Login Perform Done | ]]>
            </line>
            <line>
              <![CDATA[ tc_both_empty_login End | ]]>
            </line>
          </reporter-output>
        </test-method> <!-- tc_01_login -->
        <test-method signature="tc_01_login(java.lang.String,java.lang.String,java.lang.String)[pri:0, instance:temp.ai.dubdub.tc.TC_Login@550dbc7a]" started-at="2022-10-16T17:53:46 IST" name="tc_01_login" data-provider="loginCredential" finished-at="2022-10-16T17:53:50 IST" duration-ms="3553" status="PASS">
          <params>
            <param index="0">
              <value>
                <![CDATA[pass_empty]]>
              </value>
            </param>
            <param index="1">
              <value>
                <![CDATA[test@gmail.com]]>
              </value>
            </param>
            <param index="2">
              <value>
                <![CDATA[]]>
              </value>
            </param>
          </params>
          <reporter-output>
            <line>
              <![CDATA[ tc_pass_empty_login Start | ]]>
            </line>
            <line>
              <![CDATA[ EmailId set : test@gmail.com | ]]>
            </line>
            <line>
              <![CDATA[  Password set :  | ]]>
            </line>
            <line>
              <![CDATA[ Submit utton clicked | ]]>
            </line>
            <line>
              <![CDATA[ Login Perform Done | ]]>
            </line>
            <line>
              <![CDATA[ tc_pass_empty_login End | ]]>
            </line>
          </reporter-output>
        </test-method> <!-- tc_01_login -->
        <test-method signature="tc_01_login(java.lang.String,java.lang.String,java.lang.String)[pri:0, instance:temp.ai.dubdub.tc.TC_Login@550dbc7a]" started-at="2022-10-16T17:53:50 IST" name="tc_01_login" data-provider="loginCredential" finished-at="2022-10-16T17:53:53 IST" duration-ms="3462" status="PASS">
          <params>
            <param index="0">
              <value>
                <![CDATA[email_empty]]>
              </value>
            </param>
            <param index="1">
              <value>
                <![CDATA[]]>
              </value>
            </param>
            <param index="2">
              <value>
                <![CDATA[123456]]>
              </value>
            </param>
          </params>
          <reporter-output>
            <line>
              <![CDATA[ tc_email_empty_login Start | ]]>
            </line>
            <line>
              <![CDATA[ EmailId set :  | ]]>
            </line>
            <line>
              <![CDATA[  Password set : 123456 | ]]>
            </line>
            <line>
              <![CDATA[ Submit utton clicked | ]]>
            </line>
            <line>
              <![CDATA[ Login Perform Done | ]]>
            </line>
            <line>
              <![CDATA[ tc_email_empty_login End | ]]>
            </line>
          </reporter-output>
        </test-method> <!-- tc_01_login -->
        <test-method signature="tc_01_login(java.lang.String,java.lang.String,java.lang.String)[pri:0, instance:temp.ai.dubdub.tc.TC_Login@550dbc7a]" started-at="2022-10-16T17:53:53 IST" name="tc_01_login" data-provider="loginCredential" finished-at="2022-10-16T17:53:57 IST" duration-ms="3583" status="PASS">
          <params>
            <param index="0">
              <value>
                <![CDATA[both_wrong]]>
              </value>
            </param>
            <param index="1">
              <value>
                <![CDATA[wrong@gmail.com]]>
              </value>
            </param>
            <param index="2">
              <value>
                <![CDATA[xyz123]]>
              </value>
            </param>
          </params>
          <reporter-output>
            <line>
              <![CDATA[ tc_both_wrong_login Start | ]]>
            </line>
            <line>
              <![CDATA[ EmailId set : wrong@gmail.com | ]]>
            </line>
            <line>
              <![CDATA[  Password set : xyz123 | ]]>
            </line>
            <line>
              <![CDATA[ Submit utton clicked | ]]>
            </line>
            <line>
              <![CDATA[ Login Perform Done | ]]>
            </line>
            <line>
              <![CDATA[ tc_both_wrong_login End | ]]>
            </line>
          </reporter-output>
        </test-method> <!-- tc_01_login -->
        <test-method signature="tc_01_login(java.lang.String,java.lang.String,java.lang.String)[pri:0, instance:temp.ai.dubdub.tc.TC_Login@550dbc7a]" started-at="2022-10-16T17:53:57 IST" name="tc_01_login" data-provider="loginCredential" finished-at="2022-10-16T17:54:01 IST" duration-ms="3703" status="PASS">
          <params>
            <param index="0">
              <value>
                <![CDATA[both_correct]]>
              </value>
            </param>
            <param index="1">
              <value>
                <![CDATA[test@gmail.com]]>
              </value>
            </param>
            <param index="2">
              <value>
                <![CDATA[123456]]>
              </value>
            </param>
          </params>
          <reporter-output>
            <line>
              <![CDATA[ tc_both_correct_login Start | ]]>
            </line>
            <line>
              <![CDATA[ EmailId set : test@gmail.com | ]]>
            </line>
            <line>
              <![CDATA[  Password set : 123456 | ]]>
            </line>
            <line>
              <![CDATA[ Submit utton clicked | ]]>
            </line>
            <line>
              <![CDATA[ Login Perform Done | ]]>
            </line>
            <line>
              <![CDATA[ tc_both_correct_login End | ]]>
            </line>
          </reporter-output>
        </test-method> <!-- tc_01_login -->
      </class> <!-- temp.ai.dubdub.tc.TC_Login -->
    </test> <!-- Default test -->
  </suite> <!-- Default suite -->
</testng-results>
