<?xml version="1.0" encoding="UTF-8"?>
<!-- Generated by org.testng.reporters.JUnitXMLReporter -->
<testsuite ignored="0" hostname="DESKTOP-KIASOK0" failures="0" tests="5" name="Login" time="24.698" errors="0" timestamp="2022-10-16T01:16:49 IST">
  <testcase classname="temp.ai.dubdub.tc.TC_Login" name="tc_01_login" time="4.571"/>
  <testcase classname="temp.ai.dubdub.tc.TC_Login" name="tc_01_login" time="3.537"/>
  <testcase classname="temp.ai.dubdub.tc.TC_Login" name="tc_01_login" time="3.484"/>
  <testcase classname="temp.ai.dubdub.tc.TC_Login" name="tc_01_login" time="3.685"/>
  <testcase classname="temp.ai.dubdub.tc.TC_Login" name="tc_01_login" time="3.715"/>
</testsuite> <!-- Login -->
