<?xml version="1.0" encoding="UTF-8"?>
<!-- Generated by org.testng.reporters.JUnitXMLReporter -->
<testsuite ignored="0" hostname="LAPTOP-P5Q4VCDR" failures="0" tests="7" name="Login" time="25.407" errors="0" timestamp="2022-10-16T23:57:40 IST">
  <testcase classname="temp.ai.dubdub.tc.TC_Login" name="tc_01_login" time="3.333"/>
  <testcase classname="temp.ai.dubdub.tc.TC_Login" name="tc_01_login" time="3.253"/>
  <testcase classname="temp.ai.dubdub.tc.TC_Login" name="tc_01_login" time="3.226"/>
  <testcase classname="temp.ai.dubdub.tc.TC_Login" name="tc_01_login" time="3.247"/>
  <testcase classname="temp.ai.dubdub.tc.TC_Login" name="tc_01_login" time="3.284"/>
  <testcase classname="temp.ai.dubdub.tc.TC_Login" name="tc_01_login" time="3.24"/>
  <testcase classname="temp.ai.dubdub.tc.TC_Login" name="tc_01_login" time="3.228"/>
</testsuite> <!-- Login -->
